2017-06-08 16:29:53,503 [Worker-2] INFO  c.g.t.t.d.PublishedGradleVersions - Gradle version information cache is up-to-date. Trying to read.
2017-06-08 16:33:00,178 [Worker-1] INFO  o.e.m.c.i.p.ProjectConfigurationManager - Collecting project info '/pom.xml' C:\Users\Lamiae\worksapceExamenJunio\proxyPattern\pom.xml
2017-06-08 16:33:05,908 [Worker-1] INFO  o.e.m.c.i.l.LifecycleMappingFactory - Using org.eclipse.m2e.jdt.JarLifecycleMapping lifecycle mapping for MavenProject: org.foobarspam:proxyPattern:0.0.1-SNAPSHOT @ C:\Users\Lamiae\worksapceExamenJunio\proxyPattern\pom.xml.
2017-06-08 16:33:07,189 [Worker-1] INFO  o.e.m.j.i.AbstractJavaProjectConfigurator - Adding source folder /proxyPattern/src/main/java
2017-06-08 16:33:07,197 [Worker-1] INFO  o.e.m.j.i.AbstractJavaProjectConfigurator - Adding source folder /proxyPattern/src/test/java
2017-06-08 16:33:09,437 [Worker-1] INFO  o.e.m.c.i.p.ProjectConfigurationManager - Imported and configured 1 project(s) in 9 sec
2017-06-08 16:33:13,174 [Worker-1] INFO  o.e.m.c.i.embedder.EclipseLogger - Using 'UTF-8' encoding to copy filtered resources.
2017-06-08 16:33:13,177 [Worker-1] INFO  o.e.m.c.i.embedder.EclipseLogger - skip non existing resourceDirectory C:\Users\Lamiae\worksapceExamenJunio\proxyPattern\src\main\resources
2017-06-08 16:33:13,181 [Worker-1] INFO  o.e.m.c.i.embedder.EclipseLogger - Using 'UTF-8' encoding to copy filtered resources.
2017-06-08 16:33:13,181 [Worker-1] INFO  o.e.m.c.i.embedder.EclipseLogger - skip non existing resourceDirectory C:\Users\Lamiae\worksapceExamenJunio\proxyPattern\src\test\resources
2017-06-08 16:34:27,198 [Worker-10] INFO  o.e.m.c.i.embedder.EclipseLogger - Using 'UTF-8' encoding to copy filtered resources.
2017-06-08 16:34:27,198 [Worker-10] INFO  o.e.m.c.i.embedder.EclipseLogger - skip non existing resourceDirectory C:\Users\Lamiae\worksapceExamenJunio\proxyPattern\src\main\resources
2017-06-08 16:34:27,201 [Worker-10] INFO  o.e.m.c.i.embedder.EclipseLogger - Using 'UTF-8' encoding to copy filtered resources.
2017-06-08 16:34:27,202 [Worker-10] INFO  o.e.m.c.i.embedder.EclipseLogger - skip non existing resourceDirectory C:\Users\Lamiae\worksapceExamenJunio\proxyPattern\src\test\resources
2017-06-08 16:34:28,254 [Worker-6] INFO  o.e.m.c.i.embedder.EclipseLogger - Using 'UTF-8' encoding to copy filtered resources.
2017-06-08 16:34:28,254 [Worker-6] INFO  o.e.m.c.i.embedder.EclipseLogger - skip non existing resourceDirectory C:\Users\Lamiae\worksapceExamenJunio\proxyPattern\src\main\resources
2017-06-08 16:34:28,257 [Worker-6] INFO  o.e.m.c.i.embedder.EclipseLogger - Using 'UTF-8' encoding to copy filtered resources.
2017-06-08 16:34:28,257 [Worker-6] INFO  o.e.m.c.i.embedder.EclipseLogger - skip non existing resourceDirectory C:\Users\Lamiae\worksapceExamenJunio\proxyPattern\src\test\resources
2017-06-08 16:39:07,687 [Worker-15] INFO  o.e.m.c.i.embedder.EclipseLogger - Using 'UTF-8' encoding to copy filtered resources.
2017-06-08 16:39:07,687 [Worker-15] INFO  o.e.m.c.i.embedder.EclipseLogger - skip non existing resourceDirectory C:\Users\Lamiae\worksapceExamenJunio\proxyPattern\src\main\resources
2017-06-08 16:39:07,718 [Worker-15] INFO  o.e.m.c.i.embedder.EclipseLogger - Using 'UTF-8' encoding to copy filtered resources.
2017-06-08 16:39:07,718 [Worker-15] INFO  o.e.m.c.i.embedder.EclipseLogger - skip non existing resourceDirectory C:\Users\Lamiae\worksapceExamenJunio\proxyPattern\src\test\resources
2017-06-08 16:39:55,371 [Worker-1] INFO  o.e.m.c.i.embedder.EclipseLogger - Using 'UTF-8' encoding to copy filtered resources.
2017-06-08 16:39:55,371 [Worker-1] INFO  o.e.m.c.i.embedder.EclipseLogger - skip non existing resourceDirectory C:\Users\Lamiae\worksapceExamenJunio\proxyPattern\src\main\resources
2017-06-08 16:39:55,374 [Worker-1] INFO  o.e.m.c.i.embedder.EclipseLogger - Using 'UTF-8' encoding to copy filtered resources.
2017-06-08 16:39:55,375 [Worker-1] INFO  o.e.m.c.i.embedder.EclipseLogger - skip non existing resourceDirectory C:\Users\Lamiae\worksapceExamenJunio\proxyPattern\src\test\resources
2017-06-08 16:40:17,281 [Worker-10] INFO  o.e.m.c.i.embedder.EclipseLogger - Using 'UTF-8' encoding to copy filtered resources.
2017-06-08 16:40:17,281 [Worker-10] INFO  o.e.m.c.i.embedder.EclipseLogger - skip non existing resourceDirectory C:\Users\Lamiae\worksapceExamenJunio\proxyPattern\src\main\resources
2017-06-08 16:40:17,284 [Worker-10] INFO  o.e.m.c.i.embedder.EclipseLogger - Using 'UTF-8' encoding to copy filtered resources.
2017-06-08 16:40:17,284 [Worker-10] INFO  o.e.m.c.i.embedder.EclipseLogger - skip non existing resourceDirectory C:\Users\Lamiae\worksapceExamenJunio\proxyPattern\src\test\resources
2017-06-08 16:44:47,135 [Worker-17] INFO  o.e.m.c.i.embedder.EclipseLogger - Using 'UTF-8' encoding to copy filtered resources.
2017-06-08 16:44:47,136 [Worker-17] INFO  o.e.m.c.i.embedder.EclipseLogger - skip non existing resourceDirectory C:\Users\Lamiae\worksapceExamenJunio\proxyPattern\src\main\resources
2017-06-08 16:44:47,140 [Worker-17] INFO  o.e.m.c.i.embedder.EclipseLogger - Using 'UTF-8' encoding to copy filtered resources.
2017-06-08 16:44:47,141 [Worker-17] INFO  o.e.m.c.i.embedder.EclipseLogger - skip non existing resourceDirectory C:\Users\Lamiae\worksapceExamenJunio\proxyPattern\src\test\resources
2017-06-08 16:45:30,062 [Worker-13] INFO  o.e.m.c.i.embedder.EclipseLogger - Using 'UTF-8' encoding to copy filtered resources.
2017-06-08 16:45:30,063 [Worker-13] INFO  o.e.m.c.i.embedder.EclipseLogger - skip non existing resourceDirectory C:\Users\Lamiae\worksapceExamenJunio\proxyPattern\src\main\resources
2017-06-08 16:45:30,067 [Worker-13] INFO  o.e.m.c.i.embedder.EclipseLogger - Using 'UTF-8' encoding to copy filtered resources.
2017-06-08 16:45:30,068 [Worker-13] INFO  o.e.m.c.i.embedder.EclipseLogger - skip non existing resourceDirectory C:\Users\Lamiae\worksapceExamenJunio\proxyPattern\src\test\resources
2017-06-08 16:50:35,493 [Worker-13] INFO  o.e.m.c.i.embedder.EclipseLogger - Using 'UTF-8' encoding to copy filtered resources.
2017-06-08 16:50:35,494 [Worker-13] INFO  o.e.m.c.i.embedder.EclipseLogger - skip non existing resourceDirectory C:\Users\Lamiae\worksapceExamenJunio\proxyPattern\src\main\resources
2017-06-08 16:50:35,496 [Worker-13] INFO  o.e.m.c.i.embedder.EclipseLogger - Using 'UTF-8' encoding to copy filtered resources.
2017-06-08 16:50:35,497 [Worker-13] INFO  o.e.m.c.i.embedder.EclipseLogger - skip non existing resourceDirectory C:\Users\Lamiae\worksapceExamenJunio\proxyPattern\src\test\resources
2017-06-08 16:51:35,016 [Worker-15] INFO  o.e.m.c.i.embedder.EclipseLogger - Using 'UTF-8' encoding to copy filtered resources.
2017-06-08 16:51:35,017 [Worker-15] INFO  o.e.m.c.i.embedder.EclipseLogger - skip non existing resourceDirectory C:\Users\Lamiae\worksapceExamenJunio\proxyPattern\src\main\resources
2017-06-08 16:51:35,019 [Worker-15] INFO  o.e.m.c.i.embedder.EclipseLogger - Using 'UTF-8' encoding to copy filtered resources.
2017-06-08 16:51:35,020 [Worker-15] INFO  o.e.m.c.i.embedder.EclipseLogger - skip non existing resourceDirectory C:\Users\Lamiae\worksapceExamenJunio\proxyPattern\src\test\resources
2017-06-08 16:55:06,374 [Worker-17] INFO  o.e.m.c.i.embedder.EclipseLogger - Using 'UTF-8' encoding to copy filtered resources.
2017-06-08 16:55:06,374 [Worker-17] INFO  o.e.m.c.i.embedder.EclipseLogger - skip non existing resourceDirectory C:\Users\Lamiae\worksapceExamenJunio\proxyPattern\src\main\resources
2017-06-08 16:55:06,376 [Worker-17] INFO  o.e.m.c.i.embedder.EclipseLogger - Using 'UTF-8' encoding to copy filtered resources.
